ProgramacionMultimedia/Coctelpedia/app/build/intermediates/manifest_merge_blame_file/debug/manifest-merger-blame-debug-report.txt
1<?xml version="1.0" encoding="utf-8"?>
2<manifest xmlns:android="http://schemas.android.com/apk/res/android"
3    package="com.deagle50.coctelpedia"
4    android:versionCode="1"
5    android:versionName="1.0" >
6
7    <uses-sdk
8        android:minSdkVersion="24"
8-->src\main\AndroidManifest.xml
9        android:targetSdkVersion="29" />
9-->src\main\AndroidManifest.xml
10
11    <application
11-->src\main\AndroidManifest.xml:5:5-31:19
12        android:allowBackup="true"
12-->src\main\AndroidManifest.xml:6:9-35
13        android:appComponentFactory="androidx.core.app.CoreComponentFactory"
13-->[androidx.core:core:1.1.0] AndroidManifest.xml:24:18-86
14        android:debuggable="true"
15        android:icon="@mipmap/ic_launcher"
15-->src\main\AndroidManifest.xml:7:9-43
16        android:label="@string/app_name"
16-->src\main\AndroidManifest.xml:8:9-41
17        android:roundIcon="@mipmap/ic_launcher_round"
17-->src\main\AndroidManifest.xml:9:9-54
18        android:supportsRtl="true"
18-->src\main\AndroidManifest.xml:10:9-35
19        android:testOnly="true"
20        android:theme="@style/AppTheme" >
20-->src\main\AndroidManifest.xml:11:9-40
21        <activity
21-->src\main\AndroidManifest.xml:12:9-13:61
22            android:name="com.deagle50.coctelpedia.activities.PlayersActivity"
22-->src\main\AndroidManifest.xml:12:19-61
23            android:screenOrientation="portrait" />
23-->src\main\AndroidManifest.xml:13:13-49
24        <activity
24-->src\main\AndroidManifest.xml:14:9-19:54
25            android:name="com.deagle50.coctelpedia.activities.GameWhoWhould"
25-->src\main\AndroidManifest.xml:15:13-53
26            android:configChanges="orientation|keyboardHidden|screenSize|uiMode"
26-->src\main\AndroidManifest.xml:16:13-81
27            android:label="@string/title_activity_jgquien_mas_probable"
27-->src\main\AndroidManifest.xml:17:13-72
28            android:screenOrientation="portrait"
28-->src\main\AndroidManifest.xml:18:13-49
29            android:theme="@style/FullscreenTheme" />
29-->src\main\AndroidManifest.xml:19:13-51
30        <activity
30-->src\main\AndroidManifest.xml:20:9-30:20
31            android:name="com.deagle50.coctelpedia.activities.MainActivity"
31-->src\main\AndroidManifest.xml:21:13-52
32            android:configChanges="uiMode"
32-->src\main\AndroidManifest.xml:22:13-43
33            android:label="@string/app_name"
33-->src\main\AndroidManifest.xml:23:13-45
34            android:screenOrientation="portrait" >
34-->src\main\AndroidManifest.xml:24:13-49
35            <intent-filter>
35-->src\main\AndroidManifest.xml:25:13-29:29
36                <action android:name="android.intent.action.MAIN" />
36-->src\main\AndroidManifest.xml:26:17-69
36-->src\main\AndroidManifest.xml:26:25-66
37
38                <category android:name="android.intent.category.LAUNCHER" />
38-->src\main\AndroidManifest.xml:28:17-77
38-->src\main\AndroidManifest.xml:28:27-74
39            </intent-filter>
40        </activity>
41
42        <provider
42-->[androidx.lifecycle:lifecycle-process:2.0.0] AndroidManifest.xml:23:9-27:43
43            android:name="androidx.lifecycle.ProcessLifecycleOwnerInitializer"
43-->[androidx.lifecycle:lifecycle-process:2.0.0] AndroidManifest.xml:24:13-79
44            android:authorities="com.deagle50.coctelpedia.lifecycle-process"
44-->[androidx.lifecycle:lifecycle-process:2.0.0] AndroidManifest.xml:25:13-69
45            android:exported="false"
45-->[androidx.lifecycle:lifecycle-process:2.0.0] AndroidManifest.xml:26:13-37
46            android:multiprocess="true" />
46-->[androidx.lifecycle:lifecycle-process:2.0.0] AndroidManifest.xml:27:13-40
47    </application>
48
49</manifest>